#
# A fatal error has been detected by the Java Runtime Environment:
#
#  EXCEPTION_ACCESS_VIOLATION (0xc0000005) at pc=0x00007ff87f33b5e3, pid=18832, tid=17620
#
# JRE version: Java(TM) SE Runtime Environment (12.0.2+10) (build 12.0.2+10)
# Java VM: Java HotSpot(TM) 64-Bit Server VM (12.0.2+10, mixed mode, sharing, tiered, compressed oops, g1 gc, windows-amd64)
# Problematic frame:
# V  [jvm.dll+0x25b5e3]
#
# No core dump will be written. Minidumps are not enabled by default on client versions of Windows
#
# If you would like to submit a bug report, please visit:
#   http://bugreport.java.com/bugreport/crash.jsp
#

---------------  S U M M A R Y ------------

Command Line: -agentlib:jdwp=transport=dt_socket,suspend=y,address=localhost:60115 -javaagent:C:\Users\Patrick\Documents\eclipse-java-2019-06-R-win32-x86_64\eclipse\configuration\org.eclipse.osgi\226\0\.cp\lib\javaagent-shaded.jar -Dfile.encoding=Cp1252 JMDb

Host: Intel(R) Core(TM) i7-7500U CPU @ 2.70GHz, 4 cores, 7G,  Windows 10 , 64 bit Build 18362 (10.0.18362.329)
Time: Mon Oct  7 14:05:19 2019 Eastern Daylight Time elapsed time: 361 seconds (0d 0h 6m 1s)

---------------  T H R E A D  ---------------

Current thread (0x000002df5bfbf800):  VMThread "VM Thread" [stack: 0x000000f4f6600000,0x000000f4f6700000] [id=17620]

Stack: [0x000000f4f6600000,0x000000f4f6700000],  sp=0x000000f4f66febe8,  free space=1018k
Native frames: (J=compiled Java code, j=interpreted, Vv=VM code, C=native code)
V  [jvm.dll+0x25b5e3]


siginfo: EXCEPTION_ACCESS_VIOLATION (0xc0000005), reading address 0x000002df5c503112


Register to memory mapping:

RIP=0x00007ff87f33b5e3 jvm.dll
RAX=0x000000000000ffff is an unknown value
RBX=0x000002df5c4830d8 is pointing into metadata
RCX=0x000002df5c484288 is pointing into metadata
RDX=0x000000000000ffff is an unknown value
RSP=0x000000f4f66febe8 points into unknown readable memory: 5e b6 33 7f f8 7f 00 00
RBP=0x000000f4f66ff160 points into unknown readable memory: 08 83 fa 5b df 02 00 00
RSI=0x000000f4f66ff2d0 points into unknown readable memory: 68 d5 9b 7f f8 7f 00 00
RDI=0x000000f4f66ff2d0 points into unknown readable memory: 68 d5 9b 7f f8 7f 00 00
R8 =0x0 is NULL
R9 =0x000002df5c4830d8 is pointing into metadata
R10=0x00007ff87f0e0000 jvm.dll
R11=0x000002df5cbf2820 points into unknown readable memory: 00 00 00 47 ff ff ff 8f
R12=0x000002df5cbf21e0 points into unknown readable memory: 00 00 00 00 00 00 00 00
R13=0x0 is NULL
R14=0x000002df5c483d9c is pointing into metadata
R15=0x0000000000000012 is an unknown value


Registers:
RAX=0x000000000000ffff, RBX=0x000002df5c4830d8, RCX=0x000002df5c484288, RDX=0x000000000000ffff
RSP=0x000000f4f66febe8, RBP=0x000000f4f66ff160, RSI=0x000000f4f66ff2d0, RDI=0x000000f4f66ff2d0
R8 =0x0000000000000000, R9 =0x000002df5c4830d8, R10=0x00007ff87f0e0000, R11=0x000002df5cbf2820
R12=0x000002df5cbf21e0, R13=0x0000000000000000, R14=0x000002df5c483d9c, R15=0x0000000000000012
RIP=0x00007ff87f33b5e3, EFLAGS=0x0000000000010206

Top of Stack: (sp=0x000000f4f66febe8)
0x000000f4f66febe8:   00007ff87f33b65e 000000f4f66fec50
0x000000f4f66febf8:   000000f4f66fed60 000002df3dc11790
0x000000f4f66fec08:   00007ff87f7a22fb 0000000000000000
0x000000f4f66fec18:   00007ff87f42e2f0 0000000000000000
0x000000f4f66fec28:   000000f4f66ff2d0 000000f4f66ff200
0x000000f4f66fec38:   00007ff87f7a1aba 000000f4f66feca0
0x000000f4f66fec48:   000002df02000002 00007ff87f980210
0x000000f4f66fec58:   000002df5cbf2668 000000f4f66ff200
0x000000f4f66fec68:   00007ff87f42e476 000000f4f66ff200
0x000000f4f66fec78:   000000f4f66ff200 0000000000000000
0x000000f4f66fec88:   000002df5cbf2844 4fffffff00000000
0x000000f4f66fec98:   00007ff8e3d768fb 00007ff87f980210
0x000000f4f66feca8:   0000000800411ed0 0000000000000014
0x000000f4f66fecb8:   00007ff80000000c 000000f4f66ff288
0x000000f4f66fecc8:   00007ff8e3d803f1 000000f4f66fee20
0x000000f4f66fecd8:   000000f4f66feec0 000002df3dc12748 

Instructions: (pc=0x00007ff87f33b5e3)
0x00007ff87f33b4e3:   03 03 03 03 03 03 03 03 03 03 03 03 03 03 03 03
0x00007ff87f33b4f3:   03 03 03 03 03 03 03 03 03 03 03 03 03 03 03 03
0x00007ff87f33b503:   03 03 03 03 03 03 03 03 03 03 03 03 03 03 03 03
0x00007ff87f33b513:   03 03 03 03 03 03 03 03 02 03 03 02 cc 48 89 5c
0x00007ff87f33b523:   24 08 48 89 74 24 10 57 48 83 ec 20 48 63 da 41
0x00007ff87f33b533:   0f b6 f0 48 8b f9 85 d2 79 24 4c 8d 0d ac fa 62
0x00007ff87f33b543:   00 ba 93 02 00 00 4c 8d 05 d8 fa 62 00 48 8d 0d
0x00007ff87f33b553:   41 fa 62 00 e8 84 71 00 00 e8 7f 7a 3d 00 40 84
0x00007ff87f33b563:   f6 75 18 48 8b 4f 10 48 85 c9 74 0f 48 8d 43 01
0x00007ff87f33b573:   48 c1 e0 05 48 8b 04 08 0f b7 d8 48 8b 74 24 38
0x00007ff87f33b583:   48 63 c3 48 8b 5c 24 30 0f b7 44 c7 40 48 83 c4
0x00007ff87f33b593:   20 5f c3 cc cc cc cc cc cc cc cc cc cc 4c 8b c9
0x00007ff87f33b5a3:   45 84 c0 75 42 48 8b 49 10 48 85 c9 74 39 85 d2
0x00007ff87f33b5b3:   79 1a f7 d2 48 63 c2 48 ff c0 48 c1 e0 05 48 8b
0x00007ff87f33b5c3:   04 08 0f b7 c8 41 0f b7 44 c9 42 c3 48 63 c2 48
0x00007ff87f33b5d3:   ff c0 48 c1 e0 05 48 8b 04 08 0f b7 d0 48 63 c2
0x00007ff87f33b5e3:   41 0f b7 44 c1 42 c3 49 8b 41 08 48 63 ca 0f b6
0x00007ff87f33b5f3:   44 01 04 3c 12 74 ce 49 8b 41 08 0f b6 44 01 04
0x00007ff87f33b603:   3c 11 74 c1 49 8b 41 08 0f b6 44 01 04 3c 6a 74
0x00007ff87f33b613:   b4 48 63 c2 41 0f b7 44 c1 42 c3 cc cc 40 53 48
0x00007ff87f33b623:   83 ec 20 48 8b d9 e8 72 ff ff ff 48 63 d0 0f b7
0x00007ff87f33b633:   44 d3 40 48 8b 44 c3 40 48 83 c4 20 5b c3 cc cc
0x00007ff87f33b643:   cc cc cc cc cc cc cc cc cc cc cc cc cc 40 53 48
0x00007ff87f33b653:   83 ec 20 48 8b d9 e8 42 ff ff ff 48 63 d0 0f b7
0x00007ff87f33b663:   44 d3 42 48 8b 44 c3 40 48 83 c4 20 5b c3 cc cc
0x00007ff87f33b673:   cc cc cc cc cc cc cc cc cc cc cc cc cc 4c 8b d1
0x00007ff87f33b683:   45 84 c9 75 23 4c 8b 49 10 4d 85 c9 74 1a 45 85
0x00007ff87f33b693:   c0 79 03 41 f7 d0 49 63 c0 48 ff c0 48 c1 e0 05
0x00007ff87f33b6a3:   4a 8b 04 08 44 0f b7 c0 49 8b 42 08 49 63 c8 0f
0x00007ff87f33b6b3:   b6 4c 08 04 48 8b c2 88 0a c3 cc cc cc 40 56 57
0x00007ff87f33b6c3:   41 54 41 56 41 57 48 83 ec 20 45 8b 30 49 8b f0
0x00007ff87f33b6d3:   49 63 f9 4c 8b e2 4c 8b f9 45 85 f6 0f 8e 20 01 


Stack slot to memory mapping:
stack at sp + 0 slots: 0x00007ff87f33b65e jvm.dll
stack at sp + 1 slots: 0x000000f4f66fec50 points into unknown readable memory: 10 02 98 7f f8 7f 00 00
stack at sp + 2 slots: 0x000000f4f66fed60 points into unknown readable memory: 48 27 c1 3d df 02 00 00
stack at sp + 3 slots: 0x000002df3dc11790 points into unknown readable memory: 45 78 65 63 75 74 69 6e
stack at sp + 4 slots: 0x00007ff87f7a22fb jvm.dll
stack at sp + 5 slots: 0x0 is NULL
stack at sp + 6 slots: 0x00007ff87f42e2f0 jvm.dll
stack at sp + 7 slots: 0x0 is NULL

VM_Operation (0x000000f4f6fff5a0): GetOrSetLocal, mode: safepoint, requested by thread 0x000002df5caf4000


---------------  P R O C E S S  ---------------

Threads class SMR info:
_java_thread_list=0x000002df5cc7cc70, length=13, elements={
0x000002df3dc1a800, 0x000002df5bfc3000, 0x000002df5bfc4800, 0x000002df5bfdf800,
0x000002df5bfe2800, 0x000002df5bfec000, 0x000002df5bff5800, 0x000002df5c01e000,
0x000002df5bfa8800, 0x000002df5caf4000, 0x000002df5cb0d000, 0x000002df5cb0e000,
0x000002df5cad3000
}

Java Threads: ( => current thread )
  0x000002df3dc1a800 JavaThread "main" [_thread_blocked, id=13016, stack(0x000000f4f6000000,0x000000f4f6100000)]
  0x000002df5bfc3000 JavaThread "Reference Handler" daemon [_thread_blocked, id=11356, stack(0x000000f4f6700000,0x000000f4f6800000)]
  0x000002df5bfc4800 JavaThread "Finalizer" daemon [_thread_blocked, id=3024, stack(0x000000f4f6800000,0x000000f4f6900000)]
  0x000002df5bfdf800 JavaThread "Signal Dispatcher" daemon [_thread_blocked, id=1520, stack(0x000000f4f6900000,0x000000f4f6a00000)]
  0x000002df5bfe2800 JavaThread "Attach Listener" daemon [_thread_blocked, id=4180, stack(0x000000f4f6a00000,0x000000f4f6b00000)]
  0x000002df5bfec000 JavaThread "C2 CompilerThread0" daemon [_thread_blocked, id=13216, stack(0x000000f4f6b00000,0x000000f4f6c00000)]
  0x000002df5bff5800 JavaThread "C1 CompilerThread0" daemon [_thread_blocked, id=12076, stack(0x000000f4f6c00000,0x000000f4f6d00000)]
  0x000002df5c01e000 JavaThread "Sweeper thread" daemon [_thread_blocked, id=5220, stack(0x000000f4f6d00000,0x000000f4f6e00000)]
  0x000002df5bfa8800 JavaThread "Common-Cleaner" daemon [_thread_blocked, id=17392, stack(0x000000f4f6e00000,0x000000f4f6f00000)]
  0x000002df5caf4000 JavaThread "JDWP Transport Listener: dt_socket" daemon [_thread_blocked, id=20820, stack(0x000000f4f6f00000,0x000000f4f7000000)] _threads_hazard_ptr=0x000002df5cc7cc70
  0x000002df5cb0d000 JavaThread "JDWP Event Helper Thread" daemon [_thread_blocked, id=4268, stack(0x000000f4f7000000,0x000000f4f7100000)]
  0x000002df5cb0e000 JavaThread "JDWP Command Reader" daemon [_thread_in_native, id=14508, stack(0x000000f4f7100000,0x000000f4f7200000)]
  0x000002df5cad3000 JavaThread "Service Thread" daemon [_thread_blocked, id=7064, stack(0x000000f4f7200000,0x000000f4f7300000)]

Other Threads:
=>0x000002df5bfbf800 VMThread "VM Thread" [stack: 0x000000f4f6600000,0x000000f4f6700000] [id=17620]
  0x000002df5cc1e000 WatcherThread [stack: 0x000000f4f7300000,0x000000f4f7400000] [id=18980]
  0x000002df3dc59000 GCTaskThread "GC Thread#0" [stack: 0x000000f4f6100000,0x000000f4f6200000] [id=8520]
  0x000002df3dc68000 ConcurrentGCThread "G1 Main Marker" [stack: 0x000000f4f6200000,0x000000f4f6300000] [id=10096]
  0x000002df3dc6a800 ConcurrentGCThread "G1 Conc#0" [stack: 0x000000f4f6300000,0x000000f4f6400000] [id=15236]
  0x000002df5be40800 ConcurrentGCThread "G1 Refine#0" [stack: 0x000000f4f6400000,0x000000f4f6500000] [id=896]
  0x000002df5be43000 ConcurrentGCThread "G1 Young RemSet Sampling" [stack: 0x000000f4f6500000,0x000000f4f6600000] [id=5920]

Threads with active compile tasks:

VM state:at safepoint (normal execution)

VM Mutex/Monitor currently owned by a thread:  ([mutex/lock_event])
[0x000002df3dc151b0] Threads_lock - owner thread: 0x000002df5bfbf800

Heap address: 0x0000000082000000, size: 2016 MB, Compressed Oops mode: 32-bit
Narrow klass base: 0x0000000800000000, Narrow klass shift: 3
Compressed class space size: 1073741824 Address: 0x0000000801190000

Heap:
 garbage-first heap   total 129024K, used 5120K [0x0000000082000000, 0x0000000100000000)
  region size 1024K, 6 young (6144K), 0 survivors (0K)
 Metaspace       used 2783K, capacity 4979K, committed 5120K, reserved 1056768K
  class space    used 250K, capacity 445K, committed 512K, reserved 1048576K
Heap Regions: E=young(eden), S=young(survivor), O=old, HS=humongous(starts), HC=humongous(continues), CS=collection set, F=free, A=archive, TAMS=top-at-mark-start (previous, next)
|   0|0x0000000082000000, 0x0000000082000000, 0x0000000082100000|  0%| F|  |TAMS 0x0000000082000000, 0x0000000082000000| Untracked 
|   1|0x0000000082100000, 0x0000000082100000, 0x0000000082200000|  0%| F|  |TAMS 0x0000000082100000, 0x0000000082100000| Untracked 
|   2|0x0000000082200000, 0x0000000082200000, 0x0000000082300000|  0%| F|  |TAMS 0x0000000082200000, 0x0000000082200000| Untracked 
|   3|0x0000000082300000, 0x0000000082300000, 0x0000000082400000|  0%| F|  |TAMS 0x0000000082300000, 0x0000000082300000| Untracked 
|   4|0x0000000082400000, 0x0000000082400000, 0x0000000082500000|  0%| F|  |TAMS 0x0000000082400000, 0x0000000082400000| Untracked 
|   5|0x0000000082500000, 0x0000000082500000, 0x0000000082600000|  0%| F|  |TAMS 0x0000000082500000, 0x0000000082500000| Untracked 
|   6|0x0000000082600000, 0x0000000082600000, 0x0000000082700000|  0%| F|  |TAMS 0x0000000082600000, 0x0000000082600000| Untracked 
|   7|0x0000000082700000, 0x0000000082700000, 0x0000000082800000|  0%| F|  |TAMS 0x0000000082700000, 0x0000000082700000| Untracked 
|   8|0x0000000082800000, 0x0000000082800000, 0x0000000082900000|  0%| F|  |TAMS 0x0000000082800000, 0x0000000082800000| Untracked 
|   9|0x0000000082900000, 0x0000000082900000, 0x0000000082a00000|  0%| F|  |TAMS 0x0000000082900000, 0x0000000082900000| Untracked 
|  10|0x0000000082a00000, 0x0000000082a00000, 0x0000000082b00000|  0%| F|  |TAMS 0x0000000082a00000, 0x0000000082a00000| Untracked 
|  11|0x0000000082b00000, 0x0000000082b00000, 0x0000000082c00000|  0%| F|  |TAMS 0x0000000082b00000, 0x0000000082b00000| Untracked 
|  12|0x0000000082c00000, 0x0000000082c00000, 0x0000000082d00000|  0%| F|  |TAMS 0x0000000082c00000, 0x0000000082c00000| Untracked 
|  13|0x0000000082d00000, 0x0000000082d00000, 0x0000000082e00000|  0%| F|  |TAMS 0x0000000082d00000, 0x0000000082d00000| Untracked 
|  14|0x0000000082e00000, 0x0000000082e00000, 0x0000000082f00000|  0%| F|  |TAMS 0x0000000082e00000, 0x0000000082e00000| Untracked 
|  15|0x0000000082f00000, 0x0000000082f00000, 0x0000000083000000|  0%| F|  |TAMS 0x0000000082f00000, 0x0000000082f00000| Untracked 
|  16|0x0000000083000000, 0x0000000083000000, 0x0000000083100000|  0%| F|  |TAMS 0x0000000083000000, 0x0000000083000000| Untracked 
|  17|0x0000000083100000, 0x0000000083100000, 0x0000000083200000|  0%| F|  |TAMS 0x0000000083100000, 0x0000000083100000| Untracked 
|  18|0x0000000083200000, 0x0000000083200000, 0x0000000083300000|  0%| F|  |TAMS 0x0000000083200000, 0x0000000083200000| Untracked 
|  19|0x0000000083300000, 0x0000000083300000, 0x0000000083400000|  0%| F|  |TAMS 0x0000000083300000, 0x0000000083300000| Untracked 
|  20|0x0000000083400000, 0x0000000083400000, 0x0000000083500000|  0%| F|  |TAMS 0x0000000083400000, 0x0000000083400000| Untracked 
|  21|0x0000000083500000, 0x0000000083500000, 0x0000000083600000|  0%| F|  |TAMS 0x0000000083500000, 0x0000000083500000| Untracked 
|  22|0x0000000083600000, 0x0000000083600000, 0x0000000083700000|  0%| F|  |TAMS 0x0000000083600000, 0x0000000083600000| Untracked 
|  23|0x0000000083700000, 0x0000000083700000, 0x0000000083800000|  0%| F|  |TAMS 0x0000000083700000, 0x0000000083700000| Untracked 
|  24|0x0000000083800000, 0x0000000083800000, 0x0000000083900000|  0%| F|  |TAMS 0x0000000083800000, 0x0000000083800000| Untracked 
|  25|0x0000000083900000, 0x0000000083900000, 0x0000000083a00000|  0%| F|  |TAMS 0x0000000083900000, 0x0000000083900000| Untracked 
|  26|0x0000000083a00000, 0x0000000083a00000, 0x0000000083b00000|  0%| F|  |TAMS 0x0000000083a00000, 0x0000000083a00000| Untracked 
|  27|0x0000000083b00000, 0x0000000083b00000, 0x0000000083c00000|  0%| F|  |TAMS 0x0000000083b00000, 0x0000000083b00000| Untracked 
|  28|0x0000000083c00000, 0x0000000083c00000, 0x0000000083d00000|  0%| F|  |TAMS 0x0000000083c00000, 0x0000000083c00000| Untracked 
|  29|0x0000000083d00000, 0x0000000083d00000, 0x0000000083e00000|  0%| F|  |TAMS 0x0000000083d00000, 0x0000000083d00000| Untracked 
|  30|0x0000000083e00000, 0x0000000083e00000, 0x0000000083f00000|  0%| F|  |TAMS 0x0000000083e00000, 0x0000000083e00000| Untracked 
|  31|0x0000000083f00000, 0x0000000083f00000, 0x0000000084000000|  0%| F|  |TAMS 0x0000000083f00000, 0x0000000083f00000| Untracked 
|  32|0x0000000084000000, 0x0000000084000000, 0x0000000084100000|  0%| F|  |TAMS 0x0000000084000000, 0x0000000084000000| Untracked 
|  33|0x0000000084100000, 0x0000000084100000, 0x0000000084200000|  0%| F|  |TAMS 0x0000000084100000, 0x0000000084100000| Untracked 
|  34|0x0000000084200000, 0x0000000084200000, 0x0000000084300000|  0%| F|  |TAMS 0x0000000084200000, 0x0000000084200000| Untracked 
|  35|0x0000000084300000, 0x0000000084300000, 0x0000000084400000|  0%| F|  |TAMS 0x0000000084300000, 0x0000000084300000| Untracked 
|  36|0x0000000084400000, 0x0000000084400000, 0x0000000084500000|  0%| F|  |TAMS 0x0000000084400000, 0x0000000084400000| Untracked 
|  37|0x0000000084500000, 0x0000000084500000, 0x0000000084600000|  0%| F|  |TAMS 0x0000000084500000, 0x0000000084500000| Untracked 
|  38|0x0000000084600000, 0x0000000084600000, 0x0000000084700000|  0%| F|  |TAMS 0x0000000084600000, 0x0000000084600000| Untracked 
|  39|0x0000000084700000, 0x0000000084700000, 0x0000000084800000|  0%| F|  |TAMS 0x0000000084700000, 0x0000000084700000| Untracked 
|  40|0x0000000084800000, 0x0000000084800000, 0x0000000084900000|  0%| F|  |TAMS 0x0000000084800000, 0x0000000084800000| Untracked 
|  41|0x0000000084900000, 0x0000000084900000, 0x0000000084a00000|  0%| F|  |TAMS 0x0000000084900000, 0x0000000084900000| Untracked 
|  42|0x0000000084a00000, 0x0000000084a00000, 0x0000000084b00000|  0%| F|  |TAMS 0x0000000084a00000, 0x0000000084a00000| Untracked 
|  43|0x0000000084b00000, 0x0000000084b00000, 0x0000000084c00000|  0%| F|  |TAMS 0x0000000084b00000, 0x0000000084b00000| Untracked 
|  44|0x0000000084c00000, 0x0000000084c00000, 0x0000000084d00000|  0%| F|  |TAMS 0x0000000084c00000, 0x0000000084c00000| Untracked 
|  45|0x0000000084d00000, 0x0000000084d00000, 0x0000000084e00000|  0%| F|  |TAMS 0x0000000084d00000, 0x0000000084d00000| Untracked 
|  46|0x0000000084e00000, 0x0000000084e00000, 0x0000000084f00000|  0%| F|  |TAMS 0x0000000084e00000, 0x0000000084e00000| Untracked 
|  47|0x0000000084f00000, 0x0000000084f00000, 0x0000000085000000|  0%| F|  |TAMS 0x0000000084f00000, 0x0000000084f00000| Untracked 
|  48|0x0000000085000000, 0x0000000085000000, 0x0000000085100000|  0%| F|  |TAMS 0x0000000085000000, 0x0000000085000000| Untracked 
|  49|0x0000000085100000, 0x0000000085100000, 0x0000000085200000|  0%| F|  |TAMS 0x0000000085100000, 0x0000000085100000| Untracked 
|  50|0x0000000085200000, 0x0000000085200000, 0x0000000085300000|  0%| F|  |TAMS 0x0000000085200000, 0x0000000085200000| Untracked 
|  51|0x0000000085300000, 0x0000000085300000, 0x0000000085400000|  0%| F|  |TAMS 0x0000000085300000, 0x0000000085300000| Untracked 
|  52|0x0000000085400000, 0x0000000085400000, 0x0000000085500000|  0%| F|  |TAMS 0x0000000085400000, 0x0000000085400000| Untracked 
|  53|0x0000000085500000, 0x0000000085500000, 0x0000000085600000|  0%| F|  |TAMS 0x0000000085500000, 0x0000000085500000| Untracked 
|  54|0x0000000085600000, 0x0000000085600000, 0x0000000085700000|  0%| F|  |TAMS 0x0000000085600000, 0x0000000085600000| Untracked 
|  55|0x0000000085700000, 0x0000000085700000, 0x0000000085800000|  0%| F|  |TAMS 0x0000000085700000, 0x0000000085700000| Untracked 
|  56|0x0000000085800000, 0x0000000085800000, 0x0000000085900000|  0%| F|  |TAMS 0x0000000085800000, 0x0000000085800000| Untracked 
|  57|0x0000000085900000, 0x0000000085900000, 0x0000000085a00000|  0%| F|  |TAMS 0x0000000085900000, 0x0000000085900000| Untracked 
|  58|0x0000000085a00000, 0x0000000085a00000, 0x0000000085b00000|  0%| F|  |TAMS 0x0000000085a00000, 0x0000000085a00000| Untracked 
|  59|0x0000000085b00000, 0x0000000085b00000, 0x0000000085c00000|  0%| F|  |TAMS 0x0000000085b00000, 0x0000000085b00000| Untracked 
|  60|0x0000000085c00000, 0x0000000085c00000, 0x0000000085d00000|  0%| F|  |TAMS 0x0000000085c00000, 0x0000000085c00000| Untracked 
|  61|0x0000000085d00000, 0x0000000085d00000, 0x0000000085e00000|  0%| F|  |TAMS 0x0000000085d00000, 0x0000000085d00000| Untracked 
|  62|0x0000000085e00000, 0x0000000085e00000, 0x0000000085f00000|  0%| F|  |TAMS 0x0000000085e00000, 0x0000000085e00000| Untracked 
|  63|0x0000000085f00000, 0x0000000085f00000, 0x0000000086000000|  0%| F|  |TAMS 0x0000000085f00000, 0x0000000085f00000| Untracked 
|  64|0x0000000086000000, 0x0000000086000000, 0x0000000086100000|  0%| F|  |TAMS 0x0000000086000000, 0x0000000086000000| Untracked 
|  65|0x0000000086100000, 0x0000000086100000, 0x0000000086200000|  0%| F|  |TAMS 0x0000000086100000, 0x0000000086100000| Untracked 
|  66|0x0000000086200000, 0x0000000086200000, 0x0000000086300000|  0%| F|  |TAMS 0x0000000086200000, 0x0000000086200000| Untracked 
|  67|0x0000000086300000, 0x0000000086300000, 0x0000000086400000|  0%| F|  |TAMS 0x0000000086300000, 0x0000000086300000| Untracked 
|  68|0x0000000086400000, 0x0000000086400000, 0x0000000086500000|  0%| F|  |TAMS 0x0000000086400000, 0x0000000086400000| Untracked 
|  69|0x0000000086500000, 0x0000000086500000, 0x0000000086600000|  0%| F|  |TAMS 0x0000000086500000, 0x0000000086500000| Untracked 
|  70|0x0000000086600000, 0x0000000086600000, 0x0000000086700000|  0%| F|  |TAMS 0x0000000086600000, 0x0000000086600000| Untracked 
|  71|0x0000000086700000, 0x0000000086700000, 0x0000000086800000|  0%| F|  |TAMS 0x0000000086700000, 0x0000000086700000| Untracked 
|  72|0x0000000086800000, 0x0000000086800000, 0x0000000086900000|  0%| F|  |TAMS 0x0000000086800000, 0x0000000086800000| Untracked 
|  73|0x0000000086900000, 0x0000000086900000, 0x0000000086a00000|  0%| F|  |TAMS 0x0000000086900000, 0x0000000086900000| Untracked 
|  74|0x0000000086a00000, 0x0000000086a00000, 0x0000000086b00000|  0%| F|  |TAMS 0x0000000086a00000, 0x0000000086a00000| Untracked 
|  75|0x0000000086b00000, 0x0000000086b00000, 0x0000000086c00000|  0%| F|  |TAMS 0x0000000086b00000, 0x0000000086b00000| Untracked 
|  76|0x0000000086c00000, 0x0000000086c00000, 0x0000000086d00000|  0%| F|  |TAMS 0x0000000086c00000, 0x0000000086c00000| Untracked 
|  77|0x0000000086d00000, 0x0000000086d00000, 0x0000000086e00000|  0%| F|  |TAMS 0x0000000086d00000, 0x0000000086d00000| Untracked 
|  78|0x0000000086e00000, 0x0000000086e00000, 0x0000000086f00000|  0%| F|  |TAMS 0x0000000086e00000, 0x0000000086e00000| Untracked 
|  79|0x0000000086f00000, 0x0000000086f00000, 0x0000000087000000|  0%| F|  |TAMS 0x0000000086f00000, 0x0000000086f00000| Untracked 
|  80|0x0000000087000000, 0x0000000087000000, 0x0000000087100000|  0%| F|  |TAMS 0x0000000087000000, 0x0000000087000000| Untracked 
|  81|0x0000000087100000, 0x0000000087100000, 0x0000000087200000|  0%| F|  |TAMS 0x0000000087100000, 0x0000000087100000| Untracked 
|  82|0x0000000087200000, 0x0000000087200000, 0x0000000087300000|  0%| F|  |TAMS 0x0000000087200000, 0x0000000087200000| Untracked 
|  83|0x0000000087300000, 0x0000000087300000, 0x0000000087400000|  0%| F|  |TAMS 0x0000000087300000, 0x0000000087300000| Untracked 
|  84|0x0000000087400000, 0x0000000087400000, 0x0000000087500000|  0%| F|  |TAMS 0x0000000087400000, 0x0000000087400000| Untracked 
|  85|0x0000000087500000, 0x0000000087500000, 0x0000000087600000|  0%| F|  |TAMS 0x0000000087500000, 0x0000000087500000| Untracked 
|  86|0x0000000087600000, 0x0000000087600000, 0x0000000087700000|  0%| F|  |TAMS 0x0000000087600000, 0x0000000087600000| Untracked 
|  87|0x0000000087700000, 0x0000000087700000, 0x0000000087800000|  0%| F|  |TAMS 0x0000000087700000, 0x0000000087700000| Untracked 
|  88|0x0000000087800000, 0x0000000087800000, 0x0000000087900000|  0%| F|  |TAMS 0x0000000087800000, 0x0000000087800000| Untracked 
|  89|0x0000000087900000, 0x0000000087900000, 0x0000000087a00000|  0%| F|  |TAMS 0x0000000087900000, 0x0000000087900000| Untracked 
|  90|0x0000000087a00000, 0x0000000087a00000, 0x0000000087b00000|  0%| F|  |TAMS 0x0000000087a00000, 0x0000000087a00000| Untracked 
|  91|0x0000000087b00000, 0x0000000087b00000, 0x0000000087c00000|  0%| F|  |TAMS 0x0000000087b00000, 0x0000000087b00000| Untracked 
|  92|0x0000000087c00000, 0x0000000087c00000, 0x0000000087d00000|  0%| F|  |TAMS 0x0000000087c00000, 0x0000000087c00000| Untracked 
|  93|0x0000000087d00000, 0x0000000087d00000, 0x0000000087e00000|  0%| F|  |TAMS 0x0000000087d00000, 0x0000000087d00000| Untracked 
|  94|0x0000000087e00000, 0x0000000087e00000, 0x0000000087f00000|  0%| F|  |TAMS 0x0000000087e00000, 0x0000000087e00000| Untracked 
|  95|0x0000000087f00000, 0x0000000087f00000, 0x0000000088000000|  0%| F|  |TAMS 0x0000000087f00000, 0x0000000087f00000| Untracked 
|  96|0x0000000088000000, 0x0000000088000000, 0x0000000088100000|  0%| F|  |TAMS 0x0000000088000000, 0x0000000088000000| Untracked 
|  97|0x0000000088100000, 0x0000000088100000, 0x0000000088200000|  0%| F|  |TAMS 0x0000000088100000, 0x0000000088100000| Untracked 
|  98|0x0000000088200000, 0x0000000088200000, 0x0000000088300000|  0%| F|  |TAMS 0x0000000088200000, 0x0000000088200000| Untracked 
|  99|0x0000000088300000, 0x0000000088300000, 0x0000000088400000|  0%| F|  |TAMS 0x0000000088300000, 0x0000000088300000| Untracked 
| 100|0x0000000088400000, 0x0000000088400000, 0x0000000088500000|  0%| F|  |TAMS 0x0000000088400000, 0x0000000088400000| Untracked 
| 101|0x0000000088500000, 0x0000000088500000, 0x0000000088600000|  0%| F|  |TAMS 0x0000000088500000, 0x0000000088500000| Untracked 
| 102|0x0000000088600000, 0x0000000088600000, 0x0000000088700000|  0%| F|  |TAMS 0x0000000088600000, 0x0000000088600000| Untracked 
| 103|0x0000000088700000, 0x0000000088700000, 0x0000000088800000|  0%| F|  |TAMS 0x0000000088700000, 0x0000000088700000| Untracked 
| 104|0x0000000088800000, 0x0000000088800000, 0x0000000088900000|  0%| F|  |TAMS 0x0000000088800000, 0x0000000088800000| Untracked 
| 105|0x0000000088900000, 0x0000000088900000, 0x0000000088a00000|  0%| F|  |TAMS 0x0000000088900000, 0x0000000088900000| Untracked 
| 106|0x0000000088a00000, 0x0000000088a00000, 0x0000000088b00000|  0%| F|  |TAMS 0x0000000088a00000, 0x0000000088a00000| Untracked 
| 107|0x0000000088b00000, 0x0000000088b00000, 0x0000000088c00000|  0%| F|  |TAMS 0x0000000088b00000, 0x0000000088b00000| Untracked 
| 108|0x0000000088c00000, 0x0000000088c00000, 0x0000000088d00000|  0%| F|  |TAMS 0x0000000088c00000, 0x0000000088c00000| Untracked 
| 109|0x0000000088d00000, 0x0000000088d00000, 0x0000000088e00000|  0%| F|  |TAMS 0x0000000088d00000, 0x0000000088d00000| Untracked 
| 110|0x0000000088e00000, 0x0000000088e00000, 0x0000000088f00000|  0%| F|  |TAMS 0x0000000088e00000, 0x0000000088e00000| Untracked 
| 111|0x0000000088f00000, 0x0000000088f00000, 0x0000000089000000|  0%| F|  |TAMS 0x0000000088f00000, 0x0000000088f00000| Untracked 
| 112|0x0000000089000000, 0x0000000089000000, 0x0000000089100000|  0%| F|  |TAMS 0x0000000089000000, 0x0000000089000000| Untracked 
| 113|0x0000000089100000, 0x0000000089100000, 0x0000000089200000|  0%| F|  |TAMS 0x0000000089100000, 0x0000000089100000| Untracked 
| 114|0x0000000089200000, 0x0000000089200000, 0x0000000089300000|  0%| F|  |TAMS 0x0000000089200000, 0x0000000089200000| Untracked 
| 115|0x0000000089300000, 0x0000000089300000, 0x0000000089400000|  0%| F|  |TAMS 0x0000000089300000, 0x0000000089300000| Untracked 
| 116|0x0000000089400000, 0x0000000089400000, 0x0000000089500000|  0%| F|  |TAMS 0x0000000089400000, 0x0000000089400000| Untracked 
| 117|0x0000000089500000, 0x0000000089500000, 0x0000000089600000|  0%| F|  |TAMS 0x0000000089500000, 0x0000000089500000| Untracked 
| 118|0x0000000089600000, 0x0000000089600000, 0x0000000089700000|  0%| F|  |TAMS 0x0000000089600000, 0x0000000089600000| Untracked 
| 119|0x0000000089700000, 0x0000000089700000, 0x0000000089800000|  0%| F|  |TAMS 0x0000000089700000, 0x0000000089700000| Untracked 
| 120|0x0000000089800000, 0x0000000089899cd8, 0x0000000089900000| 60%| E|  |TAMS 0x0000000089800000, 0x0000000089800000| Complete 
| 121|0x0000000089900000, 0x0000000089a00000, 0x0000000089a00000|100%| E|CS|TAMS 0x0000000089900000, 0x0000000089900000| Complete 
| 122|0x0000000089a00000, 0x0000000089b00000, 0x0000000089b00000|100%| E|CS|TAMS 0x0000000089a00000, 0x0000000089a00000| Complete 
| 123|0x0000000089b00000, 0x0000000089c00000, 0x0000000089c00000|100%| E|CS|TAMS 0x0000000089b00000, 0x0000000089b00000| Complete 
| 124|0x0000000089c00000, 0x0000000089d00000, 0x0000000089d00000|100%| E|CS|TAMS 0x0000000089c00000, 0x0000000089c00000| Complete 
| 125|0x0000000089d00000, 0x0000000089e00000, 0x0000000089e00000|100%| E|CS|TAMS 0x0000000089d00000, 0x0000000089d00000| Complete 

Card table byte_map: [0x000002df55410000,0x000002df55800000] _byte_map_base: 0x000002df55000000

Marking Bits (Prev, Next): (CMBitMap*) 0x000002df3dc59d18, (CMBitMap*) 0x000002df3dc59d58
 Prev Bits: [0x000002df55bf0000, 0x000002df57b70000)
 Next Bits: [0x000002df57b70000, 0x000002df59af0000)

Polling page: 0x000002df3d3f0000

Metaspace:

Usage:
  Non-class:      4.43 MB capacity,     2.47 MB ( 56%) used,     1.95 MB ( 44%) free+waste,     3.06 KB ( <1%) overhead. 
      Class:    445.00 KB capacity,   250.70 KB ( 56%) used,   192.62 KB ( 43%) free+waste,     1.69 KB ( <1%) overhead. 
       Both:      4.86 MB capacity,     2.72 MB ( 56%) used,     2.14 MB ( 44%) free+waste,     4.75 KB ( <1%) overhead. 

Virtual space:
  Non-class space:        8.00 MB reserved,       4.50 MB ( 56%) committed 
      Class space:        1.00 GB reserved,     512.00 KB ( <1%) committed 
             Both:        1.01 GB reserved,       5.00 MB ( <1%) committed 

Chunk freelists:
   Non-Class:  1.25 KB
       Class:  384 bytes
        Both:  1.63 KB

CodeHeap 'non-profiled nmethods': size=120064Kb used=148Kb max_used=148Kb free=119915Kb
 bounds [0x000002df4dae0000, 0x000002df4dd50000, 0x000002df55020000]
CodeHeap 'profiled nmethods': size=120000Kb used=722Kb max_used=722Kb free=119277Kb
 bounds [0x000002df465b0000, 0x000002df46820000, 0x000002df4dae0000]
CodeHeap 'non-nmethods': size=5696Kb used=1160Kb max_used=1174Kb free=4535Kb
 bounds [0x000002df46020000, 0x000002df46290000, 0x000002df465b0000]
 total_blobs=963 nmethods=478 adapters=274
 compilation: enabled
              stopped_count=0, restarted_count=0
 full_count=0

Compilation events (10 events):
Event: 204.587 Thread 0x000002df5bff5800  474       3       org.eclipse.jdt.launching.internal.org.objectweb.asm.ByteVector::put11 (52 bytes)
Event: 204.588 Thread 0x000002df5bff5800 nmethod 474 0x000002df46662610 code [0x000002df466627e0, 0x000002df46662a70]
Event: 204.588 Thread 0x000002df5bff5800  475       3       org.eclipse.jdt.launching.internal.org.objectweb.asm.MethodWriter::visitMethodInsn (191 bytes)
Event: 204.589 Thread 0x000002df5bff5800 nmethod 475 0x000002df46662c10 code [0x000002df46662e80, 0x000002df46663810]
Event: 228.538 Thread 0x000002df5bff5800  476       3       org.eclipse.jdt.launching.internal.org.objectweb.asm.MethodWriter::visitInsn (115 bytes)
Event: 228.538 Thread 0x000002df5bff5800 nmethod 476 0x000002df46663b90 code [0x000002df46663da0, 0x000002df466642d0]
Event: 228.538 Thread 0x000002df5bff5800  478       3       org.eclipse.jdt.launching.internal.org.objectweb.asm.ByteVector::putByteArray (49 bytes)
Event: 228.542 Thread 0x000002df5bff5800 nmethod 478 0x000002df46664490 code [0x000002df46664660, 0x000002df466649a0]
Event: 228.542 Thread 0x000002df5bff5800  477       1       org.eclipse.jdt.launching.internal.org.objectweb.asm.SymbolTable::getMajorVersion (5 bytes)
Event: 228.542 Thread 0x000002df5bff5800 nmethod 477 0x000002df4db04d90 code [0x000002df4db04f40, 0x000002df4db05078]

GC Heap History (0 events):
No events

Deoptimization events (6 events):
Event: 0.220 Thread 0x000002df3dc1a800 Uncommon trap: reason=class_check action=maybe_recompile pc=0x000002df4daedbd8 method=java.util.HashMap.putVal(ILjava/lang/Object;Ljava/lang/Object;ZZ)Ljava/lang/Object; @ 152 c2
Event: 0.220 Thread 0x000002df3dc1a800 Uncommon trap: reason=class_check action=maybe_recompile pc=0x000002df4daedbd8 method=java.util.HashMap.putVal(ILjava/lang/Object;Ljava/lang/Object;ZZ)Ljava/lang/Object; @ 152 c2
Event: 0.220 Thread 0x000002df3dc1a800 Uncommon trap: reason=class_check action=maybe_recompile pc=0x000002df4daedbd8 method=java.util.HashMap.putVal(ILjava/lang/Object;Ljava/lang/Object;ZZ)Ljava/lang/Object; @ 152 c2
Event: 0.220 Thread 0x000002df3dc1a800 Uncommon trap: reason=class_check action=maybe_recompile pc=0x000002df4daedbd8 method=java.util.HashMap.putVal(ILjava/lang/Object;Ljava/lang/Object;ZZ)Ljava/lang/Object; @ 152 c2
Event: 0.238 Thread 0x000002df3dc1a800 Uncommon trap: reason=unstable_if action=reinterpret pc=0x000002df4daf158c method=java.util.HashMap.putVal(ILjava/lang/Object;Ljava/lang/Object;ZZ)Ljava/lang/Object; @ 181 c2
Event: 0.302 Thread 0x000002df3dc1a800 Uncommon trap: reason=unstable_if action=reinterpret pc=0x000002df4dae5028 method=java.lang.String.isLatin1()Z @ 10 c2

Classes redefined (3 events):
Event: 197.365 Thread 0x000002df5bfbf800 redefined class name=JMDb, count=1
Event: 204.594 Thread 0x000002df5bfbf800 redefined class name=JMDb, count=2
Event: 228.541 Thread 0x000002df5bfbf800 redefined class name=JMDb, count=3

Internal exceptions (0 events):
No events

Events (10 events):
Event: 228.554 Executing VM operation: GetFrameCount done
Event: 228.554 Executing VM operation: GetStackTrace
Event: 228.554 Executing VM operation: GetStackTrace done
Event: 228.569 Executing VM operation: GetFrameCount
Event: 228.569 Executing VM operation: GetFrameCount done
Event: 228.569 Executing VM operation: GetOwnedMonitorInfo
Event: 228.569 Executing VM operation: GetOwnedMonitorInfo done
Event: 228.569 Executing VM operation: GetCurrentContendedMonitor
Event: 228.569 Executing VM operation: GetCurrentContendedMonitor done
Event: 360.997 Executing VM operation: GetOrSetLocal


Dynamic libraries:
0x00007ff7775d0000 - 0x00007ff7775df000 	C:\Program Files\Java\jdk-12.0.2\bin\javaw.exe
0x00007ff8e5f60000 - 0x00007ff8e6150000 	C:\WINDOWS\SYSTEM32\ntdll.dll
0x00007ff8e4140000 - 0x00007ff8e41f2000 	C:\WINDOWS\System32\KERNEL32.DLL
0x00007ff8e3940000 - 0x00007ff8e3be3000 	C:\WINDOWS\System32\KERNELBASE.dll
0x00007ff8e3d70000 - 0x00007ff8e3e6a000 	C:\WINDOWS\System32\ucrtbase.dll
0x00007ff8d44e0000 - 0x00007ff8d44f6000 	C:\Program Files\Java\jdk-12.0.2\bin\VCRUNTIME140.dll
0x00007ff8d6600000 - 0x00007ff8d6618000 	C:\Program Files\Java\jdk-12.0.2\bin\jli.dll
0x00007ff8e4010000 - 0x00007ff8e40b3000 	C:\WINDOWS\System32\ADVAPI32.dll
0x00007ff8e51d0000 - 0x00007ff8e526e000 	C:\WINDOWS\System32\msvcrt.dll
0x00007ff8e44e0000 - 0x00007ff8e4577000 	C:\WINDOWS\System32\sechost.dll
0x00007ff8e5710000 - 0x00007ff8e5830000 	C:\WINDOWS\System32\RPCRT4.dll
0x00007ff8e42e0000 - 0x00007ff8e4473000 	C:\WINDOWS\System32\USER32.dll
0x00007ff8e2ef0000 - 0x00007ff8e2f11000 	C:\WINDOWS\System32\win32u.dll
0x00007ff8e50a0000 - 0x00007ff8e50c6000 	C:\WINDOWS\System32\GDI32.dll
0x00007ff8e3e70000 - 0x00007ff8e4004000 	C:\WINDOWS\System32\gdi32full.dll
0x00007ff8d86f0000 - 0x00007ff8d8975000 	C:\WINDOWS\WinSxS\amd64_microsoft.windows.common-controls_6595b64144ccf1df_6.0.18362.356_none_e6c4af7d130f27cc\COMCTL32.dll
0x00007ff8e3820000 - 0x00007ff8e38be000 	C:\WINDOWS\System32\msvcp_win.dll
0x00007ff8e53d0000 - 0x00007ff8e5706000 	C:\WINDOWS\System32\combase.dll
0x00007ff8e38c0000 - 0x00007ff8e3940000 	C:\WINDOWS\System32\bcryptPrimitives.dll
0x00007ff8d8b00000 - 0x00007ff8d8b0a000 	C:\WINDOWS\SYSTEM32\VERSION.dll
0x00007ff8e51a0000 - 0x00007ff8e51ce000 	C:\WINDOWS\System32\IMM32.DLL
0x00007ff8d3eb0000 - 0x00007ff8d3f5a000 	C:\Program Files\Java\jdk-12.0.2\bin\msvcp140.dll
0x00007ff87f0e0000 - 0x00007ff87fc57000 	C:\Program Files\Java\jdk-12.0.2\bin\server\jvm.dll
0x00007ff8e42d0000 - 0x00007ff8e42d8000 	C:\WINDOWS\System32\PSAPI.DLL
0x00007ff8cab20000 - 0x00007ff8cab29000 	C:\WINDOWS\SYSTEM32\WSOCK32.dll
0x00007ff8e0960000 - 0x00007ff8e0984000 	C:\WINDOWS\SYSTEM32\WINMM.dll
0x00007ff8e45e0000 - 0x00007ff8e464f000 	C:\WINDOWS\System32\WS2_32.dll
0x00007ff8e0930000 - 0x00007ff8e095d000 	C:\WINDOWS\SYSTEM32\winmmbase.dll
0x00007ff8e2f20000 - 0x00007ff8e2f6a000 	C:\WINDOWS\System32\cfgmgr32.dll
0x00007ff8e2e40000 - 0x00007ff8e2e51000 	C:\WINDOWS\System32\kernel.appcore.dll
0x00007ff8d7ef0000 - 0x00007ff8d7f01000 	C:\Program Files\Java\jdk-12.0.2\bin\verify.dll
0x00007ff8e1700000 - 0x00007ff8e18f4000 	C:\WINDOWS\SYSTEM32\DBGHELP.DLL
0x00007ff8c57e0000 - 0x00007ff8c580a000 	C:\WINDOWS\SYSTEM32\dbgcore.DLL
0x00007ff8d5b70000 - 0x00007ff8d5b96000 	C:\Program Files\Java\jdk-12.0.2\bin\java.dll
0x00007ff8d42f0000 - 0x00007ff8d4328000 	C:\Program Files\Java\jdk-12.0.2\bin\jdwp.dll
0x00007ff8dddc0000 - 0x00007ff8dddce000 	C:\Program Files\Java\jdk-12.0.2\bin\instrument.dll
0x00007ff8d6ee0000 - 0x00007ff8d6ef7000 	C:\Program Files\Java\jdk-12.0.2\bin\zip.dll
0x00007ff8ddd70000 - 0x00007ff8ddd7a000 	C:\Program Files\Java\jdk-12.0.2\bin\jimage.dll
0x00007ff8e4650000 - 0x00007ff8e4d35000 	C:\WINDOWS\System32\SHELL32.dll
0x00007ff8e4df0000 - 0x00007ff8e4e99000 	C:\WINDOWS\System32\shcore.dll
0x00007ff8e2f70000 - 0x00007ff8e36ee000 	C:\WINDOWS\System32\windows.storage.dll
0x00007ff8e2e80000 - 0x00007ff8e2e9f000 	C:\WINDOWS\System32\profapi.dll
0x00007ff8e2ea0000 - 0x00007ff8e2eea000 	C:\WINDOWS\System32\powrprof.dll
0x00007ff8e2e30000 - 0x00007ff8e2e40000 	C:\WINDOWS\System32\UMPDC.dll
0x00007ff8e4480000 - 0x00007ff8e44d2000 	C:\WINDOWS\System32\shlwapi.dll
0x00007ff8e3750000 - 0x00007ff8e3767000 	C:\WINDOWS\System32\cryptsp.dll
0x00007ff8d6970000 - 0x00007ff8d697a000 	C:\Program Files\Java\jdk-12.0.2\bin\dt_socket.dll
0x00007ff8e2640000 - 0x00007ff8e26a7000 	C:\WINDOWS\System32\mswsock.dll
0x00007ff8e2390000 - 0x00007ff8e245a000 	C:\WINDOWS\SYSTEM32\DNSAPI.dll
0x00007ff8e5090000 - 0x00007ff8e5098000 	C:\WINDOWS\System32\NSI.dll
0x00007ff8e2350000 - 0x00007ff8e238a000 	C:\WINDOWS\SYSTEM32\IPHLPAPI.DLL
0x00007ff8d9490000 - 0x00007ff8d9507000 	C:\WINDOWS\System32\fwpuclnt.dll
0x00007ff8e3bf0000 - 0x00007ff8e3c16000 	C:\WINDOWS\System32\bcrypt.dll
0x00007ff8dca80000 - 0x00007ff8dca8a000 	C:\Windows\System32\rasadhlp.dll
0x00007ff8d6e10000 - 0x00007ff8d6e29000 	C:\Program Files\Java\jdk-12.0.2\bin\net.dll
0x00007ff8d8b20000 - 0x00007ff8d8cf6000 	C:\WINDOWS\SYSTEM32\urlmon.dll
0x00007ff8d8600000 - 0x00007ff8d86f0000 	C:\WINDOWS\SYSTEM32\WINHTTP.dll
0x00007ff8cfbc0000 - 0x00007ff8cfe66000 	C:\WINDOWS\SYSTEM32\iertutil.dll
0x00007ff8e2810000 - 0x00007ff8e281c000 	C:\WINDOWS\SYSTEM32\CRYPTBASE.DLL
0x00007ff8d6b80000 - 0x00007ff8d6b93000 	C:\Program Files\Java\jdk-12.0.2\bin\nio.dll

dbghelp: loaded successfully - version: 4.0.5 - missing functions: none
symbol engine: initialized successfully - sym options: 0x614 - pdb path: .;C:\Program Files\Java\jdk-12.0.2\bin;C:\WINDOWS\SYSTEM32;C:\WINDOWS\WinSxS\amd64_microsoft.windows.common-controls_6595b64144ccf1df_6.0.18362.356_none_e6c4af7d130f27cc;C:\Program Files\Java\jdk-12.0.2\bin\server

VM Arguments:
jvm_args: -agentlib:jdwp=transport=dt_socket,suspend=y,address=localhost:60115 -javaagent:C:\Users\Patrick\Documents\eclipse-java-2019-06-R-win32-x86_64\eclipse\configuration\org.eclipse.osgi\226\0\.cp\lib\javaagent-shaded.jar -Dfile.encoding=Cp1252 
java_command: JMDb
java_class_path (initial): C:\Users\Patrick\Desktop\School\5-Senior\Semester1\CS_240\Project02\bin;C:\Users\Patrick\Documents\eclipse-java-2019-06-R-win32-x86_64\eclipse\plugins\org.junit.jupiter.api_5.4.0.v20190212-2109.jar;C:\Users\Patrick\Documents\eclipse-java-2019-06-R-win32-x86_64\eclipse\plugins\org.junit.jupiter.engine_5.4.0.v20190212-2109.jar;C:\Users\Patrick\Documents\eclipse-java-2019-06-R-win32-x86_64\eclipse\plugins\org.junit.jupiter.migrationsupport_5.4.0.v20190212-2109.jar;C:\Users\Patrick\Documents\eclipse-java-2019-06-R-win32-x86_64\eclipse\plugins\org.junit.jupiter.params_5.4.0.v20190212-2109.jar;C:\Users\Patrick\Documents\eclipse-java-2019-06-R-win32-x86_64\eclipse\plugins\org.junit.platform.commons_1.4.0.v20190212-2109.jar;C:\Users\Patrick\Documents\eclipse-java-2019-06-R-win32-x86_64\eclipse\plugins\org.junit.platform.engine_1.4.0.v20190212-2109.jar;C:\Users\Patrick\Documents\eclipse-java-2019-06-R-win32-x86_64\eclipse\plugins\org.junit.platform.launcher_1.4.0.v20190212-2109.jar;C:\Users\Patrick\Documents\eclipse-java-2019-06-R-win32-x86_64\eclipse\plugins\org.junit.platform.runner_1.4.0.v20190212-2109.jar;C:\Users\Patrick\Documents\eclipse-java-2019-06-R-win32-x86_64\eclipse\plugins\org.junit.platform.suite.api_1.4.0.v20190212-2109.jar;C:\Users\Patrick\Documents\eclipse-java-2019-06-R-win32-x86_64\eclipse\plugins\org.junit.vintage.engine_5.4.0.v20190212-2109.jar;C:\Users\Patrick\Documents\eclipse-java-2019-06-R-win32-x86_64\eclipse\plugins\org.opentest4j_1.1.1.v20190212-2109.jar;C:\Users\Patrick\Documents\eclipse-java-2019-06-R-win32-x86_64\eclipse\plugins\org.apiguardian_1.0.0.v20190212-2109.jar;C:\Users\Patrick\Documents\eclipse-java-2019-06-R-win32-x86_64\eclipse\plugins\org.junit_4.12.0.v201504281640\junit.jar;C:\Users\Patrick\Documents\eclipse-java-2019-06-R-win32-x86_64\eclipse\plugins\org.hamcrest.core_1.3.0.v20180420-1519.jar
Launcher Type: SUN_STANDARD

[Global flags]
     intx CICompilerCount                          = 3                                         {product} {ergonomic}
     uint ConcGCThreads                            = 1                                         {product} {ergonomic}
     uint G1ConcRefinementThreads                  = 4                                         {product} {ergonomic}
   size_t G1HeapRegionSize                         = 1048576                                   {product} {ergonomic}
    uintx GCDrainStackTargetSize                   = 64                                        {product} {ergonomic}
   size_t InitialHeapSize                          = 132120576                                 {product} {ergonomic}
   size_t MarkStackSize                            = 4194304                                   {product} {ergonomic}
   size_t MaxHeapSize                              = 2113929216                                {product} {ergonomic}
   size_t MaxNewSize                               = 1267728384                                {product} {ergonomic}
   size_t MinHeapDeltaBytes                        = 1048576                                   {product} {ergonomic}
    uintx NonNMethodCodeHeapSize                   = 5830732                                {pd product} {ergonomic}
    uintx NonProfiledCodeHeapSize                  = 122913754                              {pd product} {ergonomic}
    uintx ProfiledCodeHeapSize                     = 122913754                              {pd product} {ergonomic}
    uintx ReservedCodeCacheSize                    = 251658240                              {pd product} {ergonomic}
     bool SegmentedCodeCache                       = true                                      {product} {ergonomic}
     bool UseCompressedClassPointers               = true                                 {lp64_product} {ergonomic}
     bool UseCompressedOops                        = true                                 {lp64_product} {ergonomic}
     bool UseG1GC                                  = true                                      {product} {ergonomic}
     bool UseLargePagesIndividualAllocation        = false                                  {pd product} {ergonomic}

Logging:
Log output configuration:
 #0: stdout all=warning uptime,level,tags
 #1: stderr all=off uptime,level,tags

Environment Variables:
PATH=C:/Program Files/Java/jdk-12.0.2/bin/server;C:/Program Files/Java/jdk-12.0.2/bin;C:\ProgramData\Oracle\Java\javapath;C:\WINDOWS\system32;C:\WINDOWS;C:\WINDOWS\System32\Wbem;C:\WINDOWS\System32\WindowsPowerShell\v1.0\;C:\Program Files\PuTTY\;C:\WINDOWS\System32\OpenSSH\;C:\Program Files\Intel\WiFi\bin\;C:\Program Files\Common Files\Intel\WirelessCommon\;C:\Program Files\Java\jdk-10.0.2\bin;C:\Users\I am\AppData\Local\Microsoft\WindowsApps;C:\Users\I am\AppData\Local\GitHubDesktop\bin;C:\Users\I am\AppData\Local\Microsoft\WindowsApps;C:\Program Files\Java\jdk-12.0.2\bin;;C:\Users\Patrick\Documents\eclipse-java-2019-06-R-win32-x86_64\eclipse;
USERNAME=Patrick
OS=Windows_NT
PROCESSOR_IDENTIFIER=Intel64 Family 6 Model 142 Stepping 9, GenuineIntel



---------------  S Y S T E M  ---------------

OS: Windows 10 , 64 bit Build 18362 (10.0.18362.329)

CPU:total 4 (initial active 4) (2 cores per cpu, 2 threads per core) family 6 model 142 stepping 9, cmov, cx8, fxsr, mmx, sse, sse2, sse3, ssse3, sse4.1, sse4.2, popcnt, avx, avx2, aes, clmul, erms, 3dnowpref, lzcnt, ht, tsc, tscinvbit, bmi1, bmi2, adx, fma

Memory: 4k page, system-wide physical 8061M (3304M free)
TotalPageFile size 18763M (AvailPageFile size 10039M)
current process WorkingSet (physical memory assigned to process): 41M, peak: 43M
current process commit charge ("private bytes"): 212M, peak: 214M

vm_info: Java HotSpot(TM) 64-Bit Server VM (12.0.2+10) for windows-amd64 JRE (12.0.2+10), built on Jul 16 2019 01:56:17 by "mach5one" with MS VC++ 15.5 (VS2017)

END.
